This file contains any messages produced by compilers while
running configure, to aid debugging if configure makes a mistake.

configure:562: checking for a BSD compatible install
configure:615: checking whether build environment is sane
configure:672: checking whether make sets ${MAKE}
configure:718: checking for working aclocal
configure:731: checking for working autoconf
configure:744: checking for working automake
configure:757: checking for working autoheader
configure:770: checking for working makeinfo
configure:787: checking for gcc
configure:900: checking whether the C compiler (gcc  ) works
configure:916: gcc -o conftest    conftest.c  1>&5
configure:913:1: warning: type specifier missing, defaults to 'int' [-Wimplicit-int]
main(){return(0);}
^
1 warning generated.
configure:942: checking whether the C compiler (gcc  ) is a cross-compiler
configure:947: checking whether we are using GNU C
configure:956: gcc -E conftest.c
configure:975: checking whether gcc accepts -g
configure:1007: checking how to run the C preprocessor
configure:1028: gcc -E  conftest.c >/dev/null 2>conftest.out
configure:1129: checking for sdl-config
configure:1164: checking for SDL - version >= 1.2.0
configure:1249: gcc -o conftest -g -O2 -I/usr/local/include/SDL -D_GNU_SOURCE=1 -D_THREAD_SAFE   conftest.c  -L/usr/local/lib -lSDLmain -lSDL -Wl,-framework,Cocoa 1>&5
